quick.sh::start!
./upperlimit/25_st_hct_lep/fcnc_ST_leptonic_counting_br0.01.txt
rate            0.871	2.279	0.014	0.383	2.880	0.431	7.158	7.999	0.074	0.195	0.036	1.813	3.675
 <<< Combine >>> 
>>> including systematics
>>> method used is AsymptoticLimits
>>> random number generator seed is 123456
RooArgSet:: = ()
Computing results starting from observation (a-posteriori)

 -- AsymptoticLimits ( CLs ) --
Observed Limit: r < 5.8215
Expected  2.5%: r < 10.3652
Expected 16.0%: r < 14.4566
Expected 50.0%: r < 21.7500
Expected 84.0%: r < 34.0609
Expected 97.5%: r < 52.6058

Done in 0.01 min (cpu), 0.01 min (real)
./upperlimit/25_st_hct_lep/fcnc_ST_leptonic_counting_br0.02.txt
rate            1.742	2.279	0.014	0.383	2.880	0.431	7.158	7.999	0.074	0.195	0.036	1.813	3.675
 <<< Combine >>> 
>>> including systematics
>>> method used is AsymptoticLimits
>>> random number generator seed is 123456
RooArgSet:: = ()
Computing results starting from observation (a-posteriori)

 -- AsymptoticLimits ( CLs ) --
Observed Limit: r < 2.9108
Expected  2.5%: r < 5.1826
Expected 16.0%: r < 7.2283
Expected 50.0%: r < 10.8750
Expected 84.0%: r < 17.0304
Expected 97.5%: r < 26.3029

Done in 0.01 min (cpu), 0.01 min (real)
./upperlimit/25_st_hct_lep/fcnc_ST_leptonic_counting_br0.03.txt
rate            2.613	2.279	0.014	0.383	2.880	0.431	7.158	7.999	0.074	0.195	0.036	1.813	3.675
 <<< Combine >>> 
>>> including systematics
>>> method used is AsymptoticLimits
>>> random number generator seed is 123456
RooArgSet:: = ()
Computing results starting from observation (a-posteriori)

 -- AsymptoticLimits ( CLs ) --
Observed Limit: r < 1.9384
Expected  2.5%: r < 3.4551
Expected 16.0%: r < 4.8189
Expected 50.0%: r < 7.2500
Expected 84.0%: r < 11.3536
Expected 97.5%: r < 17.5353

Done in 0.01 min (cpu), 0.01 min (real)
./upperlimit/25_st_hct_lep/fcnc_ST_leptonic_counting_br0.04.txt
rate            3.484	2.279	0.014	0.383	2.880	0.431	7.158	7.999	0.074	0.195	0.036	1.813	3.675
 <<< Combine >>> 
>>> including systematics
>>> method used is AsymptoticLimits
>>> random number generator seed is 123456
RooArgSet:: = ()
Computing results starting from observation (a-posteriori)

 -- AsymptoticLimits ( CLs ) --
Observed Limit: r < 1.4526
Expected  2.5%: r < 2.5913
Expected 16.0%: r < 3.6142
Expected 50.0%: r < 5.4375
Expected 84.0%: r < 8.5152
Expected 97.5%: r < 13.1515

Done in 0.01 min (cpu), 0.02 min (real)
./upperlimit/25_st_hct_lep/fcnc_ST_leptonic_counting_br0.05.txt
rate            4.355	2.279	0.014	0.383	2.880	0.431	7.158	7.999	0.074	0.195	0.036	1.813	3.675
 <<< Combine >>> 
>>> including systematics
>>> method used is AsymptoticLimits
>>> random number generator seed is 123456
RooArgSet:: = ()
Computing results starting from observation (a-posteriori)

 -- AsymptoticLimits ( CLs ) --
Observed Limit: r < 1.1652
Expected  2.5%: r < 2.0701
Expected 16.0%: r < 2.8872
Expected 50.0%: r < 4.3438
Expected 84.0%: r < 6.8197
Expected 97.5%: r < 10.5133

Done in 0.01 min (cpu), 0.01 min (real)
./upperlimit/25_st_hct_lep/fcnc_ST_leptonic_counting_br0.06.txt
rate            5.226	2.279	0.014	0.383	2.880	0.431	7.158	7.999	0.074	0.195	0.036	1.813	3.675
 <<< Combine >>> 
>>> including systematics
>>> method used is AsymptoticLimits
>>> random number generator seed is 123456
RooArgSet:: = ()
Computing results starting from observation (a-posteriori)

 -- AsymptoticLimits ( CLs ) --
Observed Limit: r < 0.9692
Expected  2.5%: r < 1.7275
Expected 16.0%: r < 2.4094
Expected 50.0%: r < 3.6250
Expected 84.0%: r < 5.6768
Expected 97.5%: r < 8.7676

Done in 0.01 min (cpu), 0.01 min (real)
./upperlimit/25_st_hct_lep/fcnc_ST_leptonic_counting_br0.07.txt
rate            6.097	2.279	0.014	0.383	2.880	0.431	7.158	7.999	0.074	0.195	0.036	1.813	3.675
 <<< Combine >>> 
>>> including systematics
>>> method used is AsymptoticLimits
>>> random number generator seed is 123456
RooArgSet:: = ()
Computing results starting from observation (a-posteriori)

 -- AsymptoticLimits ( CLs ) --
Observed Limit: r < 0.8318
Expected  2.5%: r < 1.4818
Expected 16.0%: r < 2.0667
Expected 50.0%: r < 3.1094
Expected 84.0%: r < 4.8693
Expected 97.5%: r < 7.4847

Done in 0.01 min (cpu), 0.01 min (real)
./upperlimit/25_st_hct_lep/fcnc_ST_leptonic_counting_br0.08.txt
rate            6.968	2.279	0.014	0.383	2.880	0.431	7.158	7.999	0.074	0.195	0.036	1.813	3.675
 <<< Combine >>> 
>>> including systematics
>>> method used is AsymptoticLimits
>>> random number generator seed is 123456
RooArgSet:: = ()
Computing results starting from observation (a-posteriori)

 -- AsymptoticLimits ( CLs ) --
Observed Limit: r < 0.7263
Expected  2.5%: r < 1.2957
Expected 16.0%: r < 1.8071
Expected 50.0%: r < 2.7188
Expected 84.0%: r < 4.2576
Expected 97.5%: r < 6.5757

Done in 0.01 min (cpu), 0.01 min (real)
./upperlimit/25_st_hct_lep/fcnc_ST_leptonic_counting_br0.09.txt
rate            7.839	2.279	0.014	0.383	2.880	0.431	7.158	7.999	0.074	0.195	0.036	1.813	3.675
 <<< Combine >>> 
>>> including systematics
>>> method used is AsymptoticLimits
>>> random number generator seed is 123456
RooArgSet:: = ()
Computing results starting from observation (a-posteriori)

 -- AsymptoticLimits ( CLs ) --
Observed Limit: r < 0.6469
Expected  2.5%: r < 1.1505
Expected 16.0%: r < 1.6046
Expected 50.0%: r < 2.4141
Expected 84.0%: r < 3.7901
Expected 97.5%: r < 5.8429

Done in 0.01 min (cpu), 0.04 min (real)
./upperlimit/25_st_hct_lep/fcnc_ST_leptonic_counting_br0.10.txt
rate            8.710	2.279	0.014	0.383	2.880	0.431	7.158	7.999	0.074	0.195	0.036	1.813	3.675
 <<< Combine >>> 
>>> including systematics
>>> method used is AsymptoticLimits
>>> random number generator seed is 123456
RooArgSet:: = ()
Computing results starting from observation (a-posteriori)

 -- AsymptoticLimits ( CLs ) --
Observed Limit: r < 0.5826
Expected  2.5%: r < 1.0350
Expected 16.0%: r < 1.4436
Expected 50.0%: r < 2.1719
Expected 84.0%: r < 3.4099
Expected 97.5%: r < 5.2567

Done in 0.01 min (cpu), 0.03 min (real)
