quick.sh::start!
./upperlimit/24_st_hut/fcnc_ST_leptonic_counting_br0.01.txt
rate            0.967	2.976	0.014	2.783	7.763	0.704	4.130	10.397	0.074	0.181	0.043	0.455	5.254
 <<< Combine >>> 
>>> including systematics
>>> method used is AsymptoticLimits
>>> random number generator seed is 123456
RooArgSet:: = ()
Computing results starting from observation (a-posteriori)

 -- AsymptoticLimits ( CLs ) --
Observed Limit: r < 6.0011
Expected  2.5%: r < 12.0928
Expected 16.0%: r < 16.8661
Expected 50.0%: r < 25.3750
Expected 84.0%: r < 39.7377
Expected 97.5%: r < 61.0811

Done in 0.01 min (cpu), 0.01 min (real)
./upperlimit/24_st_hut/fcnc_ST_leptonic_counting_br0.02.txt
rate            1.934	2.976	0.014	2.783	7.763	0.704	4.130	10.397	0.074	0.181	0.043	0.455	5.254
 <<< Combine >>> 
>>> including systematics
>>> method used is AsymptoticLimits
>>> random number generator seed is 123456
RooArgSet:: = ()
Computing results starting from observation (a-posteriori)

 -- AsymptoticLimits ( CLs ) --
Observed Limit: r < 3.0006
Expected  2.5%: r < 6.0464
Expected 16.0%: r < 8.4330
Expected 50.0%: r < 12.6875
Expected 84.0%: r < 19.8689
Expected 97.5%: r < 30.5405

Done in 0.01 min (cpu), 0.01 min (real)
./upperlimit/24_st_hut/fcnc_ST_leptonic_counting_br0.03.txt
rate            2.901	2.976	0.014	2.783	7.763	0.704	4.130	10.397	0.074	0.181	0.043	0.455	5.254
 <<< Combine >>> 
>>> including systematics
>>> method used is AsymptoticLimits
>>> random number generator seed is 123456
RooArgSet:: = ()
Computing results starting from observation (a-posteriori)

 -- AsymptoticLimits ( CLs ) --
Observed Limit: r < 2.0004
Expected  2.5%: r < 4.0359
Expected 16.0%: r < 5.6289
Expected 50.0%: r < 8.4688
Expected 84.0%: r < 13.2285
Expected 97.5%: r < 20.3709

Done in 0.01 min (cpu), 0.01 min (real)
./upperlimit/24_st_hut/fcnc_ST_leptonic_counting_br0.04.txt
rate            3.868	2.976	0.014	2.783	7.763	0.704	4.130	10.397	0.074	0.181	0.043	0.455	5.254
 <<< Combine >>> 
>>> including systematics
>>> method used is AsymptoticLimits
>>> random number generator seed is 123456
RooArgSet:: = ()
Computing results starting from observation (a-posteriori)

 -- AsymptoticLimits ( CLs ) --
Observed Limit: r < 1.4965
Expected  2.5%: r < 3.0232
Expected 16.0%: r < 4.2165
Expected 50.0%: r < 6.3438
Expected 84.0%: r < 9.9344
Expected 97.5%: r < 15.2703

Done in 0.01 min (cpu), 0.01 min (real)
./upperlimit/24_st_hut/fcnc_ST_leptonic_counting_br0.05.txt
rate            4.835	2.976	0.014	2.783	7.763	0.704	4.130	10.397	0.074	0.181	0.043	0.455	5.254
 <<< Combine >>> 
>>> including systematics
>>> method used is AsymptoticLimits
>>> random number generator seed is 123456
RooArgSet:: = ()
Computing results starting from observation (a-posteriori)

 -- AsymptoticLimits ( CLs ) --
Observed Limit: r < 1.1986
Expected  2.5%: r < 2.4200
Expected 16.0%: r < 3.3753
Expected 50.0%: r < 5.0781
Expected 84.0%: r < 7.9322
Expected 97.5%: r < 12.2150

Done in 0.01 min (cpu), 0.01 min (real)
./upperlimit/24_st_hut/fcnc_ST_leptonic_counting_br0.06.txt
rate            5.802	2.976	0.014	2.783	7.763	0.704	4.130	10.397	0.074	0.181	0.043	0.455	5.254
 <<< Combine >>> 
>>> including systematics
>>> method used is AsymptoticLimits
>>> random number generator seed is 123456
RooArgSet:: = ()
Computing results starting from observation (a-posteriori)

 -- AsymptoticLimits ( CLs ) --
Observed Limit: r < 0.9984
Expected  2.5%: r < 2.0179
Expected 16.0%: r < 2.8145
Expected 50.0%: r < 4.2344
Expected 84.0%: r < 6.6142
Expected 97.5%: r < 10.1855

Done in 0.01 min (cpu), 0.01 min (real)
./upperlimit/24_st_hut/fcnc_ST_leptonic_counting_br0.07.txt
rate            6.769	2.976	0.014	2.783	7.763	0.704	4.130	10.397	0.074	0.181	0.043	0.455	5.254
 <<< Combine >>> 
>>> including systematics
>>> method used is AsymptoticLimits
>>> random number generator seed is 123456
RooArgSet:: = ()
Computing results starting from observation (a-posteriori)

 -- AsymptoticLimits ( CLs ) --
Observed Limit: r < 0.8571
Expected  2.5%: r < 1.7275
Expected 16.0%: r < 2.4094
Expected 50.0%: r < 3.6250
Expected 84.0%: r < 5.6768
Expected 97.5%: r < 8.7259

Done in 0.01 min (cpu), 0.01 min (real)
./upperlimit/24_st_hut/fcnc_ST_leptonic_counting_br0.08.txt
rate            7.736	2.976	0.014	2.783	7.763	0.704	4.130	10.397	0.074	0.181	0.043	0.455	5.254
 <<< Combine >>> 
>>> including systematics
>>> method used is AsymptoticLimits
>>> random number generator seed is 123456
RooArgSet:: = ()
Computing results starting from observation (a-posteriori)

 -- AsymptoticLimits ( CLs ) --
Observed Limit: r < 0.7483
Expected  2.5%: r < 1.5116
Expected 16.0%: r < 2.1083
Expected 50.0%: r < 3.1719
Expected 84.0%: r < 4.9672
Expected 97.5%: r < 7.6351

Done in 0.01 min (cpu), 0.01 min (real)
./upperlimit/24_st_hut/fcnc_ST_leptonic_counting_br0.09.txt
rate            8.703	2.976	0.014	2.783	7.763	0.704	4.130	10.397	0.074	0.181	0.043	0.455	5.254
 <<< Combine >>> 
>>> including systematics
>>> method used is AsymptoticLimits
>>> random number generator seed is 123456
RooArgSet:: = ()
Computing results starting from observation (a-posteriori)

 -- AsymptoticLimits ( CLs ) --
Observed Limit: r < 0.6656
Expected  2.5%: r < 1.3441
Expected 16.0%: r < 1.8746
Expected 50.0%: r < 2.8203
Expected 84.0%: r < 4.4054
Expected 97.5%: r < 6.7840

Done in 0.01 min (cpu), 0.01 min (real)
./upperlimit/24_st_hut/fcnc_ST_leptonic_counting_br0.10.txt
rate            9.670	2.976	0.014	2.783	7.763	0.704	4.130	10.397	0.074	0.181	0.043	0.455	5.254
 <<< Combine >>> 
>>> including systematics
>>> method used is AsymptoticLimits
>>> random number generator seed is 123456
RooArgSet:: = ()
Computing results starting from observation (a-posteriori)

 -- AsymptoticLimits ( CLs ) --
Observed Limit: r < 0.5993
Expected  2.5%: r < 1.2100
Expected 16.0%: r < 1.6876
Expected 50.0%: r < 2.5391
Expected 84.0%: r < 3.9661
Expected 97.5%: r < 6.1075

Done in 0.01 min (cpu), 0.01 min (real)
